[0.127s] DEBUG:colcon:Command line arguments: ['/usr/bin/colcon', 'build']
[0.127s] DEBUG:colcon:Parsed command line arguments: Namespace(log_base=None, log_level=None, verb_name='build', build_base='build', install_base='install', merge_install=False, symlink_install=False, test_result_base=None, continue_on_error=False, executor='parallel', parallel_workers=16, event_handlers=None, ignore_user_meta=False, metas=['./colcon.meta'], base_paths=['.'], packages_ignore=None, packages_ignore_regex=None, paths=None, packages_up_to=None, packages_up_to_regex=None, packages_above=None, packages_above_and_dependencies=None, packages_above_depth=None, packages_select_by_dep=None, packages_skip_by_dep=None, packages_skip_up_to=None, packages_select_build_failed=False, packages_skip_build_finished=False, packages_select_test_failures=False, packages_skip_test_passed=False, packages_select=None, packages_skip=None, packages_select_regex=None, packages_skip_regex=None, packages_start=None, packages_end=None, allow_overriding=[], cmake_args=None, cmake_target=None, cmake_target_skip_unavailable=False, cmake_clean_cache=False, cmake_clean_first=False, cmake_force_configure=False, ament_cmake_args=None, catkin_cmake_args=None, catkin_skip_building_tests=False, verb_parser=<colcon_defaults.argument_parser.defaults.DefaultArgumentsDecorator object at 0x72a5222af580>, verb_extension=<colcon_core.verb.build.BuildVerb object at 0x72a5224789d0>, main=<bound method BuildVerb.main of <colcon_core.verb.build.BuildVerb object at 0x72a5224789d0>>)
[0.319s] Level 1:colcon.colcon_core.package_discovery:discover_packages(colcon_meta) check parameters
[0.320s] Level 1:colcon.colcon_core.package_discovery:discover_packages(recursive) check parameters
[0.320s] Level 1:colcon.colcon_core.package_discovery:discover_packages(ignore) check parameters
[0.320s] Level 1:colcon.colcon_core.package_discovery:discover_packages(path) check parameters
[0.320s] Level 1:colcon.colcon_core.package_discovery:discover_packages(colcon_meta) discover
[0.320s] Level 1:colcon.colcon_core.package_discovery:discover_packages(recursive) discover
[0.320s] INFO:colcon.colcon_core.package_discovery:Crawling recursively for packages in '/home/xiaom/ROS2_Humble_LS2K0300/Example/ROS2_Humble_ws/src/e08_custom_ws'
[0.320s] Level 1:colcon.colcon_core.package_identification:_identify(.) by extensions ['ignore', 'ignore_ament_install']
[0.320s] Level 1:colcon.colcon_core.package_identification:_identify(.) by extension 'ignore'
[0.320s] Level 1:colcon.colcon_core.package_identification:_identify(.) by extension 'ignore_ament_install'
[0.320s] Level 1:colcon.colcon_core.package_identification:_identify(.) by extensions ['colcon_pkg']
[0.320s] Level 1:colcon.colcon_core.package_identification:_identify(.) by extension 'colcon_pkg'
[0.320s] Level 1:colcon.colcon_core.package_identification:_identify(.) by extensions ['colcon_meta']
[0.321s] Level 1:colcon.colcon_core.package_identification:_identify(.) by extension 'colcon_meta'
[0.321s] Level 1:colcon.colcon_core.package_identification:_identify(.) by extensions ['ros']
[0.321s] Level 1:colcon.colcon_core.package_identification:_identify(.) by extension 'ros'
[0.334s] Level 1:colcon.colcon_core.package_identification:_identify(.) by extensions ['cmake', 'python']
[0.335s] Level 1:colcon.colcon_core.package_identification:_identify(.) by extension 'cmake'
[0.335s] Level 1:colcon.colcon_core.package_identification:_identify(.) by extension 'python'
[0.335s] Level 1:colcon.colcon_core.package_identification:_identify(.) by extensions ['python_setup_py']
[0.335s] Level 1:colcon.colcon_core.package_identification:_identify(.) by extension 'python_setup_py'
[0.335s] Level 1:colcon.colcon_core.package_identification:_identify(build) by extensions ['ignore', 'ignore_ament_install']
[0.335s] Level 1:colcon.colcon_core.package_identification:_identify(build) by extension 'ignore'
[0.335s] Level 1:colcon.colcon_core.package_identification:_identify(build) ignored
[0.335s] Level 1:colcon.colcon_core.package_identification:_identify(install) by extensions ['ignore', 'ignore_ament_install']
[0.335s] Level 1:colcon.colcon_core.package_identification:_identify(install) by extension 'ignore'
[0.335s] Level 1:colcon.colcon_core.package_identification:_identify(install) ignored
[0.336s] Level 1:colcon.colcon_core.package_identification:_identify(log) by extensions ['ignore', 'ignore_ament_install']
[0.336s] Level 1:colcon.colcon_core.package_identification:_identify(log) by extension 'ignore'
[0.336s] Level 1:colcon.colcon_core.package_identification:_identify(log) ignored
[0.336s] Level 1:colcon.colcon_core.package_identification:_identify(src) by extensions ['ignore', 'ignore_ament_install']
[0.336s] Level 1:colcon.colcon_core.package_identification:_identify(src) by extension 'ignore'
[0.336s] Level 1:colcon.colcon_core.package_identification:_identify(src) by extension 'ignore_ament_install'
[0.336s] Level 1:colcon.colcon_core.package_identification:_identify(src) by extensions ['colcon_pkg']
[0.336s] Level 1:colcon.colcon_core.package_identification:_identify(src) by extension 'colcon_pkg'
[0.336s] Level 1:colcon.colcon_core.package_identification:_identify(src) by extensions ['colcon_meta']
[0.336s] Level 1:colcon.colcon_core.package_identification:_identify(src) by extension 'colcon_meta'
[0.336s] Level 1:colcon.colcon_core.package_identification:_identify(src) by extensions ['ros']
[0.336s] Level 1:colcon.colcon_core.package_identification:_identify(src) by extension 'ros'
[0.336s] Level 1:colcon.colcon_core.package_identification:_identify(src) by extensions ['cmake', 'python']
[0.336s] Level 1:colcon.colcon_core.package_identification:_identify(src) by extension 'cmake'
[0.337s] Level 1:colcon.colcon_core.package_identification:_identify(src) by extension 'python'
[0.337s] Level 1:colcon.colcon_core.package_identification:_identify(src) by extensions ['python_setup_py']
[0.337s] Level 1:colcon.colcon_core.package_identification:_identify(src) by extension 'python_setup_py'
[0.337s] Level 1:colcon.colcon_core.package_identification:_identify(src/nav2_custom_controller) by extensions ['ignore', 'ignore_ament_install']
[0.337s] Level 1:colcon.colcon_core.package_identification:_identify(src/nav2_custom_controller) by extension 'ignore'
[0.337s] Level 1:colcon.colcon_core.package_identification:_identify(src/nav2_custom_controller) by extension 'ignore_ament_install'
[0.337s] Level 1:colcon.colcon_core.package_identification:_identify(src/nav2_custom_controller) by extensions ['colcon_pkg']
[0.337s] Level 1:colcon.colcon_core.package_identification:_identify(src/nav2_custom_controller) by extension 'colcon_pkg'
[0.337s] Level 1:colcon.colcon_core.package_identification:_identify(src/nav2_custom_controller) by extensions ['colcon_meta']
[0.337s] Level 1:colcon.colcon_core.package_identification:_identify(src/nav2_custom_controller) by extension 'colcon_meta'
[0.337s] Level 1:colcon.colcon_core.package_identification:_identify(src/nav2_custom_controller) by extensions ['ros']
[0.337s] Level 1:colcon.colcon_core.package_identification:_identify(src/nav2_custom_controller) by extension 'ros'
[0.340s] DEBUG:colcon.colcon_core.package_identification:Package 'src/nav2_custom_controller' with type 'ros.ament_cmake' and name 'nav2_custom_controller'
[0.340s] Level 1:colcon.colcon_core.package_identification:_identify(src/nav2_custom_planner) by extensions ['ignore', 'ignore_ament_install']
[0.341s] Level 1:colcon.colcon_core.package_identification:_identify(src/nav2_custom_planner) by extension 'ignore'
[0.341s] Level 1:colcon.colcon_core.package_identification:_identify(src/nav2_custom_planner) by extension 'ignore_ament_install'
[0.341s] Level 1:colcon.colcon_core.package_identification:_identify(src/nav2_custom_planner) by extensions ['colcon_pkg']
[0.341s] Level 1:colcon.colcon_core.package_identification:_identify(src/nav2_custom_planner) by extension 'colcon_pkg'
[0.341s] Level 1:colcon.colcon_core.package_identification:_identify(src/nav2_custom_planner) by extensions ['colcon_meta']
[0.341s] Level 1:colcon.colcon_core.package_identification:_identify(src/nav2_custom_planner) by extension 'colcon_meta'
[0.341s] Level 1:colcon.colcon_core.package_identification:_identify(src/nav2_custom_planner) by extensions ['ros']
[0.341s] Level 1:colcon.colcon_core.package_identification:_identify(src/nav2_custom_planner) by extension 'ros'
[0.342s] DEBUG:colcon.colcon_core.package_identification:Package 'src/nav2_custom_planner' with type 'ros.ament_cmake' and name 'nav2_custom_planner'
[0.342s] Level 1:colcon.colcon_core.package_discovery:discover_packages(recursive) using defaults
[0.342s] Level 1:colcon.colcon_core.package_discovery:discover_packages(ignore) discover
[0.342s] Level 1:colcon.colcon_core.package_discovery:discover_packages(ignore) using defaults
[0.342s] Level 1:colcon.colcon_core.package_discovery:discover_packages(path) discover
[0.342s] Level 1:colcon.colcon_core.package_discovery:discover_packages(path) using defaults
[0.366s] Level 1:colcon.colcon_core.package_discovery:discover_packages(prefix_path) check parameters
[0.366s] Level 1:colcon.colcon_core.package_discovery:discover_packages(prefix_path) discover
[0.371s] DEBUG:colcon.colcon_installed_package_information.package_discovery:Found 13 installed packages in /home/xiaom/ROS2_Humble_LS2K0300/Example/ROS2_Humble_ws/install
[0.373s] DEBUG:colcon.colcon_installed_package_information.package_discovery:Found 319 installed packages in /opt/ros/humble
[0.393s] Level 1:colcon.colcon_core.package_discovery:discover_packages(prefix_path) using defaults
[0.444s] Level 5:colcon.colcon_core.verb:set package 'nav2_custom_controller' build argument 'cmake_args' from command line to 'None'
[0.444s] Level 5:colcon.colcon_core.verb:set package 'nav2_custom_controller' build argument 'cmake_target' from command line to 'None'
[0.444s] Level 5:colcon.colcon_core.verb:set package 'nav2_custom_controller' build argument 'cmake_target_skip_unavailable' from command line to 'False'
[0.444s] Level 5:colcon.colcon_core.verb:set package 'nav2_custom_controller' build argument 'cmake_clean_cache' from command line to 'False'
[0.444s] Level 5:colcon.colcon_core.verb:set package 'nav2_custom_controller' build argument 'cmake_clean_first' from command line to 'False'
[0.444s] Level 5:colcon.colcon_core.verb:set package 'nav2_custom_controller' build argument 'cmake_force_configure' from command line to 'False'
[0.444s] Level 5:colcon.colcon_core.verb:set package 'nav2_custom_controller' build argument 'ament_cmake_args' from command line to 'None'
[0.444s] Level 5:colcon.colcon_core.verb:set package 'nav2_custom_controller' build argument 'catkin_cmake_args' from command line to 'None'
[0.444s] Level 5:colcon.colcon_core.verb:set package 'nav2_custom_controller' build argument 'catkin_skip_building_tests' from command line to 'False'
[0.444s] DEBUG:colcon.colcon_core.verb:Building package 'nav2_custom_controller' with the following arguments: {'ament_cmake_args': None, 'build_base': '/home/xiaom/ROS2_Humble_LS2K0300/Example/ROS2_Humble_ws/src/e08_custom_ws/build/nav2_custom_controller', 'catkin_cmake_args': None, 'catkin_skip_building_tests': False, 'cmake_args': None, 'cmake_clean_cache': False, 'cmake_clean_first': False, 'cmake_force_configure': False, 'cmake_target': None, 'cmake_target_skip_unavailable': False, 'install_base': '/home/xiaom/ROS2_Humble_LS2K0300/Example/ROS2_Humble_ws/src/e08_custom_ws/install/nav2_custom_controller', 'merge_install': False, 'path': '/home/xiaom/ROS2_Humble_LS2K0300/Example/ROS2_Humble_ws/src/e08_custom_ws/src/nav2_custom_controller', 'symlink_install': False, 'test_result_base': None}
[0.444s] Level 5:colcon.colcon_core.verb:set package 'nav2_custom_planner' build argument 'cmake_args' from command line to 'None'
[0.445s] Level 5:colcon.colcon_core.verb:set package 'nav2_custom_planner' build argument 'cmake_target' from command line to 'None'
[0.445s] Level 5:colcon.colcon_core.verb:set package 'nav2_custom_planner' build argument 'cmake_target_skip_unavailable' from command line to 'False'
[0.445s] Level 5:colcon.colcon_core.verb:set package 'nav2_custom_planner' build argument 'cmake_clean_cache' from command line to 'False'
[0.445s] Level 5:colcon.colcon_core.verb:set package 'nav2_custom_planner' build argument 'cmake_clean_first' from command line to 'False'
[0.445s] Level 5:colcon.colcon_core.verb:set package 'nav2_custom_planner' build argument 'cmake_force_configure' from command line to 'False'
[0.445s] Level 5:colcon.colcon_core.verb:set package 'nav2_custom_planner' build argument 'ament_cmake_args' from command line to 'None'
[0.445s] Level 5:colcon.colcon_core.verb:set package 'nav2_custom_planner' build argument 'catkin_cmake_args' from command line to 'None'
[0.445s] Level 5:colcon.colcon_core.verb:set package 'nav2_custom_planner' build argument 'catkin_skip_building_tests' from command line to 'False'
[0.445s] DEBUG:colcon.colcon_core.verb:Building package 'nav2_custom_planner' with the following arguments: {'ament_cmake_args': None, 'build_base': '/home/xiaom/ROS2_Humble_LS2K0300/Example/ROS2_Humble_ws/src/e08_custom_ws/build/nav2_custom_planner', 'catkin_cmake_args': None, 'catkin_skip_building_tests': False, 'cmake_args': None, 'cmake_clean_cache': False, 'cmake_clean_first': False, 'cmake_force_configure': False, 'cmake_target': None, 'cmake_target_skip_unavailable': False, 'install_base': '/home/xiaom/ROS2_Humble_LS2K0300/Example/ROS2_Humble_ws/src/e08_custom_ws/install/nav2_custom_planner', 'merge_install': False, 'path': '/home/xiaom/ROS2_Humble_LS2K0300/Example/ROS2_Humble_ws/src/e08_custom_ws/src/nav2_custom_planner', 'symlink_install': False, 'test_result_base': None}
[0.445s] INFO:colcon.colcon_core.executor:Executing jobs using 'parallel' executor
[0.446s] DEBUG:colcon.colcon_parallel_executor.executor.parallel:run_until_complete
[0.447s] INFO:colcon.colcon_ros.task.ament_cmake.build:Building ROS package in '/home/xiaom/ROS2_Humble_LS2K0300/Example/ROS2_Humble_ws/src/e08_custom_ws/src/nav2_custom_controller' with build type 'ament_cmake'
[0.447s] INFO:colcon.colcon_cmake.task.cmake.build:Building CMake package in '/home/xiaom/ROS2_Humble_LS2K0300/Example/ROS2_Humble_ws/src/e08_custom_ws/src/nav2_custom_controller'
[0.450s] INFO:colcon.colcon_core.plugin_system:Skipping extension 'colcon_core.shell.bat': Not used on non-Windows systems
[0.451s] INFO:colcon.colcon_core.shell:Skip shell extension 'powershell' for command environment: Not usable outside of PowerShell
[0.451s] DEBUG:colcon.colcon_core.shell:Skip shell extension 'dsv' for command environment
[0.457s] INFO:colcon.colcon_ros.task.ament_cmake.build:Building ROS package in '/home/xiaom/ROS2_Humble_LS2K0300/Example/ROS2_Humble_ws/src/e08_custom_ws/src/nav2_custom_planner' with build type 'ament_cmake'
[0.458s] INFO:colcon.colcon_cmake.task.cmake.build:Building CMake package in '/home/xiaom/ROS2_Humble_LS2K0300/Example/ROS2_Humble_ws/src/e08_custom_ws/src/nav2_custom_planner'
[0.458s] INFO:colcon.colcon_core.shell:Skip shell extension 'powershell' for command environment: Not usable outside of PowerShell
[0.458s] DEBUG:colcon.colcon_core.shell:Skip shell extension 'dsv' for command environment
[0.472s] DEBUG:colcon.colcon_core.event_handler.log_command:Invoking command in '/home/xiaom/ROS2_Humble_LS2K0300/Example/ROS2_Humble_ws/src/e08_custom_ws/build/nav2_custom_controller': CMAKE_PREFIX_PATH=${CMAKE_PREFIX_PATH}:/opt/ros/humble /usr/bin/cmake --build /home/xiaom/ROS2_Humble_LS2K0300/Example/ROS2_Humble_ws/src/e08_custom_ws/build/nav2_custom_controller -- -j16 -l16
[0.477s] DEBUG:colcon.colcon_core.event_handler.log_command:Invoking command in '/home/xiaom/ROS2_Humble_LS2K0300/Example/ROS2_Humble_ws/src/e08_custom_ws/build/nav2_custom_planner': CMAKE_PREFIX_PATH=${CMAKE_PREFIX_PATH}:/opt/ros/humble /usr/bin/cmake --build /home/xiaom/ROS2_Humble_LS2K0300/Example/ROS2_Humble_ws/src/e08_custom_ws/build/nav2_custom_planner -- -j16 -l16
[0.599s] DEBUG:colcon.colcon_core.event_handler.log_command:Invoked command in '/home/xiaom/ROS2_Humble_LS2K0300/Example/ROS2_Humble_ws/src/e08_custom_ws/build/nav2_custom_planner' returned '0': CMAKE_PREFIX_PATH=${CMAKE_PREFIX_PATH}:/opt/ros/humble /usr/bin/cmake --build /home/xiaom/ROS2_Humble_LS2K0300/Example/ROS2_Humble_ws/src/e08_custom_ws/build/nav2_custom_planner -- -j16 -l16
[0.615s] DEBUG:colcon.colcon_core.event_handler.log_command:Invoking command in '/home/xiaom/ROS2_Humble_LS2K0300/Example/ROS2_Humble_ws/src/e08_custom_ws/build/nav2_custom_planner': CMAKE_PREFIX_PATH=${CMAKE_PREFIX_PATH}:/opt/ros/humble /usr/bin/cmake --install /home/xiaom/ROS2_Humble_LS2K0300/Example/ROS2_Humble_ws/src/e08_custom_ws/build/nav2_custom_planner
[0.630s] Level 1:colcon.colcon_core.environment:create_environment_scripts_only(nav2_custom_planner)
[0.631s] DEBUG:colcon.colcon_core.event_handler.log_command:Invoked command in '/home/xiaom/ROS2_Humble_LS2K0300/Example/ROS2_Humble_ws/src/e08_custom_ws/build/nav2_custom_planner' returned '0': CMAKE_PREFIX_PATH=${CMAKE_PREFIX_PATH}:/opt/ros/humble /usr/bin/cmake --install /home/xiaom/ROS2_Humble_LS2K0300/Example/ROS2_Humble_ws/src/e08_custom_ws/build/nav2_custom_planner
[0.634s] Level 1:colcon.colcon_core.environment:checking '/home/xiaom/ROS2_Humble_LS2K0300/Example/ROS2_Humble_ws/src/e08_custom_ws/install/nav2_custom_planner' for CMake module files
[0.634s] Level 1:colcon.colcon_core.environment:checking '/home/xiaom/ROS2_Humble_LS2K0300/Example/ROS2_Humble_ws/src/e08_custom_ws/install/nav2_custom_planner' for CMake config files
[0.635s] Level 1:colcon.colcon_core.shell:create_environment_hook('nav2_custom_planner', 'cmake_prefix_path')
[0.635s] INFO:colcon.colcon_core.shell:Creating environment hook '/home/xiaom/ROS2_Humble_LS2K0300/Example/ROS2_Humble_ws/src/e08_custom_ws/install/nav2_custom_planner/share/nav2_custom_planner/hook/cmake_prefix_path.ps1'
[0.636s] INFO:colcon.colcon_core.shell:Creating environment descriptor '/home/xiaom/ROS2_Humble_LS2K0300/Example/ROS2_Humble_ws/src/e08_custom_ws/install/nav2_custom_planner/share/nav2_custom_planner/hook/cmake_prefix_path.dsv'
[0.637s] INFO:colcon.colcon_core.shell:Creating environment hook '/home/xiaom/ROS2_Humble_LS2K0300/Example/ROS2_Humble_ws/src/e08_custom_ws/install/nav2_custom_planner/share/nav2_custom_planner/hook/cmake_prefix_path.sh'
[0.638s] Level 1:colcon.colcon_core.environment:checking '/home/xiaom/ROS2_Humble_LS2K0300/Example/ROS2_Humble_ws/src/e08_custom_ws/install/nav2_custom_planner/lib'
[0.638s] Level 1:colcon.colcon_core.shell:create_environment_hook('nav2_custom_planner', 'ld_library_path_lib')
[0.638s] INFO:colcon.colcon_core.shell:Creating environment hook '/home/xiaom/ROS2_Humble_LS2K0300/Example/ROS2_Humble_ws/src/e08_custom_ws/install/nav2_custom_planner/share/nav2_custom_planner/hook/ld_library_path_lib.ps1'
[0.639s] INFO:colcon.colcon_core.shell:Creating environment descriptor '/home/xiaom/ROS2_Humble_LS2K0300/Example/ROS2_Humble_ws/src/e08_custom_ws/install/nav2_custom_planner/share/nav2_custom_planner/hook/ld_library_path_lib.dsv'
[0.639s] INFO:colcon.colcon_core.shell:Creating environment hook '/home/xiaom/ROS2_Humble_LS2K0300/Example/ROS2_Humble_ws/src/e08_custom_ws/install/nav2_custom_planner/share/nav2_custom_planner/hook/ld_library_path_lib.sh'
[0.640s] Level 1:colcon.colcon_core.environment:checking '/home/xiaom/ROS2_Humble_LS2K0300/Example/ROS2_Humble_ws/src/e08_custom_ws/install/nav2_custom_planner/bin'
[0.640s] Level 1:colcon.colcon_core.environment:checking '/home/xiaom/ROS2_Humble_LS2K0300/Example/ROS2_Humble_ws/src/e08_custom_ws/install/nav2_custom_planner/lib/pkgconfig/nav2_custom_planner.pc'
[0.640s] Level 1:colcon.colcon_core.environment:checking '/home/xiaom/ROS2_Humble_LS2K0300/Example/ROS2_Humble_ws/src/e08_custom_ws/install/nav2_custom_planner/lib/python3.10/site-packages'
[0.640s] Level 1:colcon.colcon_core.environment:checking '/home/xiaom/ROS2_Humble_LS2K0300/Example/ROS2_Humble_ws/src/e08_custom_ws/install/nav2_custom_planner/bin'
[0.641s] INFO:colcon.colcon_core.shell:Creating package script '/home/xiaom/ROS2_Humble_LS2K0300/Example/ROS2_Humble_ws/src/e08_custom_ws/install/nav2_custom_planner/share/nav2_custom_planner/package.ps1'
[0.642s] INFO:colcon.colcon_core.shell:Creating package descriptor '/home/xiaom/ROS2_Humble_LS2K0300/Example/ROS2_Humble_ws/src/e08_custom_ws/install/nav2_custom_planner/share/nav2_custom_planner/package.dsv'
[0.643s] INFO:colcon.colcon_core.shell:Creating package script '/home/xiaom/ROS2_Humble_LS2K0300/Example/ROS2_Humble_ws/src/e08_custom_ws/install/nav2_custom_planner/share/nav2_custom_planner/package.sh'
[0.644s] INFO:colcon.colcon_core.shell:Creating package script '/home/xiaom/ROS2_Humble_LS2K0300/Example/ROS2_Humble_ws/src/e08_custom_ws/install/nav2_custom_planner/share/nav2_custom_planner/package.bash'
[0.645s] INFO:colcon.colcon_core.shell:Creating package script '/home/xiaom/ROS2_Humble_LS2K0300/Example/ROS2_Humble_ws/src/e08_custom_ws/install/nav2_custom_planner/share/nav2_custom_planner/package.zsh'
[0.646s] Level 1:colcon.colcon_core.environment:create_file_with_runtime_dependencies(/home/xiaom/ROS2_Humble_LS2K0300/Example/ROS2_Humble_ws/src/e08_custom_ws/install/nav2_custom_planner/share/colcon-core/packages/nav2_custom_planner)
[0.647s] Level 1:colcon.colcon_core.environment:create_environment_scripts_only(nav2_custom_planner)
[0.647s] Level 1:colcon.colcon_core.environment:checking '/home/xiaom/ROS2_Humble_LS2K0300/Example/ROS2_Humble_ws/src/e08_custom_ws/install/nav2_custom_planner' for CMake module files
[0.648s] Level 1:colcon.colcon_core.environment:checking '/home/xiaom/ROS2_Humble_LS2K0300/Example/ROS2_Humble_ws/src/e08_custom_ws/install/nav2_custom_planner' for CMake config files
[0.648s] Level 1:colcon.colcon_core.shell:create_environment_hook('nav2_custom_planner', 'cmake_prefix_path')
[0.649s] INFO:colcon.colcon_core.shell:Creating environment hook '/home/xiaom/ROS2_Humble_LS2K0300/Example/ROS2_Humble_ws/src/e08_custom_ws/install/nav2_custom_planner/share/nav2_custom_planner/hook/cmake_prefix_path.ps1'
[0.650s] INFO:colcon.colcon_core.shell:Creating environment descriptor '/home/xiaom/ROS2_Humble_LS2K0300/Example/ROS2_Humble_ws/src/e08_custom_ws/install/nav2_custom_planner/share/nav2_custom_planner/hook/cmake_prefix_path.dsv'
[0.650s] INFO:colcon.colcon_core.shell:Creating environment hook '/home/xiaom/ROS2_Humble_LS2K0300/Example/ROS2_Humble_ws/src/e08_custom_ws/install/nav2_custom_planner/share/nav2_custom_planner/hook/cmake_prefix_path.sh'
[0.651s] Level 1:colcon.colcon_core.environment:checking '/home/xiaom/ROS2_Humble_LS2K0300/Example/ROS2_Humble_ws/src/e08_custom_ws/install/nav2_custom_planner/lib'
[0.651s] Level 1:colcon.colcon_core.shell:create_environment_hook('nav2_custom_planner', 'ld_library_path_lib')
[0.652s] INFO:colcon.colcon_core.shell:Creating environment hook '/home/xiaom/ROS2_Humble_LS2K0300/Example/ROS2_Humble_ws/src/e08_custom_ws/install/nav2_custom_planner/share/nav2_custom_planner/hook/ld_library_path_lib.ps1'
[0.652s] INFO:colcon.colcon_core.shell:Creating environment descriptor '/home/xiaom/ROS2_Humble_LS2K0300/Example/ROS2_Humble_ws/src/e08_custom_ws/install/nav2_custom_planner/share/nav2_custom_planner/hook/ld_library_path_lib.dsv'
[0.653s] INFO:colcon.colcon_core.shell:Creating environment hook '/home/xiaom/ROS2_Humble_LS2K0300/Example/ROS2_Humble_ws/src/e08_custom_ws/install/nav2_custom_planner/share/nav2_custom_planner/hook/ld_library_path_lib.sh'
[0.654s] Level 1:colcon.colcon_core.environment:checking '/home/xiaom/ROS2_Humble_LS2K0300/Example/ROS2_Humble_ws/src/e08_custom_ws/install/nav2_custom_planner/bin'
[0.654s] Level 1:colcon.colcon_core.environment:checking '/home/xiaom/ROS2_Humble_LS2K0300/Example/ROS2_Humble_ws/src/e08_custom_ws/install/nav2_custom_planner/lib/pkgconfig/nav2_custom_planner.pc'
[0.655s] Level 1:colcon.colcon_core.environment:checking '/home/xiaom/ROS2_Humble_LS2K0300/Example/ROS2_Humble_ws/src/e08_custom_ws/install/nav2_custom_planner/lib/python3.10/site-packages'
[0.655s] Level 1:colcon.colcon_core.environment:checking '/home/xiaom/ROS2_Humble_LS2K0300/Example/ROS2_Humble_ws/src/e08_custom_ws/install/nav2_custom_planner/bin'
[0.655s] INFO:colcon.colcon_core.shell:Creating package script '/home/xiaom/ROS2_Humble_LS2K0300/Example/ROS2_Humble_ws/src/e08_custom_ws/install/nav2_custom_planner/share/nav2_custom_planner/package.ps1'
[0.656s] INFO:colcon.colcon_core.shell:Creating package descriptor '/home/xiaom/ROS2_Humble_LS2K0300/Example/ROS2_Humble_ws/src/e08_custom_ws/install/nav2_custom_planner/share/nav2_custom_planner/package.dsv'
[0.657s] INFO:colcon.colcon_core.shell:Creating package script '/home/xiaom/ROS2_Humble_LS2K0300/Example/ROS2_Humble_ws/src/e08_custom_ws/install/nav2_custom_planner/share/nav2_custom_planner/package.sh'
[0.658s] INFO:colcon.colcon_core.shell:Creating package script '/home/xiaom/ROS2_Humble_LS2K0300/Example/ROS2_Humble_ws/src/e08_custom_ws/install/nav2_custom_planner/share/nav2_custom_planner/package.bash'
[0.659s] INFO:colcon.colcon_core.shell:Creating package script '/home/xiaom/ROS2_Humble_LS2K0300/Example/ROS2_Humble_ws/src/e08_custom_ws/install/nav2_custom_planner/share/nav2_custom_planner/package.zsh'
[0.660s] Level 1:colcon.colcon_core.environment:create_file_with_runtime_dependencies(/home/xiaom/ROS2_Humble_LS2K0300/Example/ROS2_Humble_ws/src/e08_custom_ws/install/nav2_custom_planner/share/colcon-core/packages/nav2_custom_planner)
[7.453s] DEBUG:colcon.colcon_core.event_handler.log_command:Invoked command in '/home/xiaom/ROS2_Humble_LS2K0300/Example/ROS2_Humble_ws/src/e08_custom_ws/build/nav2_custom_controller' returned '0': CMAKE_PREFIX_PATH=${CMAKE_PREFIX_PATH}:/opt/ros/humble /usr/bin/cmake --build /home/xiaom/ROS2_Humble_LS2K0300/Example/ROS2_Humble_ws/src/e08_custom_ws/build/nav2_custom_controller -- -j16 -l16
[7.456s] DEBUG:colcon.colcon_core.event_handler.log_command:Invoking command in '/home/xiaom/ROS2_Humble_LS2K0300/Example/ROS2_Humble_ws/src/e08_custom_ws/build/nav2_custom_controller': CMAKE_PREFIX_PATH=${CMAKE_PREFIX_PATH}:/opt/ros/humble /usr/bin/cmake --install /home/xiaom/ROS2_Humble_LS2K0300/Example/ROS2_Humble_ws/src/e08_custom_ws/build/nav2_custom_controller
[7.475s] Level 1:colcon.colcon_core.environment:create_environment_scripts_only(nav2_custom_controller)
[7.475s] Level 1:colcon.colcon_core.environment:checking '/home/xiaom/ROS2_Humble_LS2K0300/Example/ROS2_Humble_ws/src/e08_custom_ws/install/nav2_custom_controller' for CMake module files
[7.476s] DEBUG:colcon.colcon_core.event_handler.log_command:Invoked command in '/home/xiaom/ROS2_Humble_LS2K0300/Example/ROS2_Humble_ws/src/e08_custom_ws/build/nav2_custom_controller' returned '0': CMAKE_PREFIX_PATH=${CMAKE_PREFIX_PATH}:/opt/ros/humble /usr/bin/cmake --install /home/xiaom/ROS2_Humble_LS2K0300/Example/ROS2_Humble_ws/src/e08_custom_ws/build/nav2_custom_controller
[7.477s] Level 1:colcon.colcon_core.environment:checking '/home/xiaom/ROS2_Humble_LS2K0300/Example/ROS2_Humble_ws/src/e08_custom_ws/install/nav2_custom_controller' for CMake config files
[7.477s] Level 1:colcon.colcon_core.shell:create_environment_hook('nav2_custom_controller', 'cmake_prefix_path')
[7.477s] INFO:colcon.colcon_core.shell:Creating environment hook '/home/xiaom/ROS2_Humble_LS2K0300/Example/ROS2_Humble_ws/src/e08_custom_ws/install/nav2_custom_controller/share/nav2_custom_controller/hook/cmake_prefix_path.ps1'
[7.478s] INFO:colcon.colcon_core.shell:Creating environment descriptor '/home/xiaom/ROS2_Humble_LS2K0300/Example/ROS2_Humble_ws/src/e08_custom_ws/install/nav2_custom_controller/share/nav2_custom_controller/hook/cmake_prefix_path.dsv'
[7.478s] INFO:colcon.colcon_core.shell:Creating environment hook '/home/xiaom/ROS2_Humble_LS2K0300/Example/ROS2_Humble_ws/src/e08_custom_ws/install/nav2_custom_controller/share/nav2_custom_controller/hook/cmake_prefix_path.sh'
[7.479s] Level 1:colcon.colcon_core.environment:checking '/home/xiaom/ROS2_Humble_LS2K0300/Example/ROS2_Humble_ws/src/e08_custom_ws/install/nav2_custom_controller/lib'
[7.479s] Level 1:colcon.colcon_core.shell:create_environment_hook('nav2_custom_controller', 'ld_library_path_lib')
[7.480s] INFO:colcon.colcon_core.shell:Creating environment hook '/home/xiaom/ROS2_Humble_LS2K0300/Example/ROS2_Humble_ws/src/e08_custom_ws/install/nav2_custom_controller/share/nav2_custom_controller/hook/ld_library_path_lib.ps1'
[7.480s] INFO:colcon.colcon_core.shell:Creating environment descriptor '/home/xiaom/ROS2_Humble_LS2K0300/Example/ROS2_Humble_ws/src/e08_custom_ws/install/nav2_custom_controller/share/nav2_custom_controller/hook/ld_library_path_lib.dsv'
[7.481s] INFO:colcon.colcon_core.shell:Creating environment hook '/home/xiaom/ROS2_Humble_LS2K0300/Example/ROS2_Humble_ws/src/e08_custom_ws/install/nav2_custom_controller/share/nav2_custom_controller/hook/ld_library_path_lib.sh'
[7.482s] Level 1:colcon.colcon_core.environment:checking '/home/xiaom/ROS2_Humble_LS2K0300/Example/ROS2_Humble_ws/src/e08_custom_ws/install/nav2_custom_controller/bin'
[7.482s] Level 1:colcon.colcon_core.environment:checking '/home/xiaom/ROS2_Humble_LS2K0300/Example/ROS2_Humble_ws/src/e08_custom_ws/install/nav2_custom_controller/lib/pkgconfig/nav2_custom_controller.pc'
[7.482s] Level 1:colcon.colcon_core.environment:checking '/home/xiaom/ROS2_Humble_LS2K0300/Example/ROS2_Humble_ws/src/e08_custom_ws/install/nav2_custom_controller/lib/python3.10/site-packages'
[7.482s] Level 1:colcon.colcon_core.environment:checking '/home/xiaom/ROS2_Humble_LS2K0300/Example/ROS2_Humble_ws/src/e08_custom_ws/install/nav2_custom_controller/bin'
[7.483s] INFO:colcon.colcon_core.shell:Creating package script '/home/xiaom/ROS2_Humble_LS2K0300/Example/ROS2_Humble_ws/src/e08_custom_ws/install/nav2_custom_controller/share/nav2_custom_controller/package.ps1'
[7.483s] INFO:colcon.colcon_core.shell:Creating package descriptor '/home/xiaom/ROS2_Humble_LS2K0300/Example/ROS2_Humble_ws/src/e08_custom_ws/install/nav2_custom_controller/share/nav2_custom_controller/package.dsv'
[7.484s] INFO:colcon.colcon_core.shell:Creating package script '/home/xiaom/ROS2_Humble_LS2K0300/Example/ROS2_Humble_ws/src/e08_custom_ws/install/nav2_custom_controller/share/nav2_custom_controller/package.sh'
[7.485s] INFO:colcon.colcon_core.shell:Creating package script '/home/xiaom/ROS2_Humble_LS2K0300/Example/ROS2_Humble_ws/src/e08_custom_ws/install/nav2_custom_controller/share/nav2_custom_controller/package.bash'
[7.486s] INFO:colcon.colcon_core.shell:Creating package script '/home/xiaom/ROS2_Humble_LS2K0300/Example/ROS2_Humble_ws/src/e08_custom_ws/install/nav2_custom_controller/share/nav2_custom_controller/package.zsh'
[7.486s] Level 1:colcon.colcon_core.environment:create_file_with_runtime_dependencies(/home/xiaom/ROS2_Humble_LS2K0300/Example/ROS2_Humble_ws/src/e08_custom_ws/install/nav2_custom_controller/share/colcon-core/packages/nav2_custom_controller)
[7.487s] Level 1:colcon.colcon_core.environment:create_environment_scripts_only(nav2_custom_controller)
[7.487s] Level 1:colcon.colcon_core.environment:checking '/home/xiaom/ROS2_Humble_LS2K0300/Example/ROS2_Humble_ws/src/e08_custom_ws/install/nav2_custom_controller' for CMake module files
[7.488s] Level 1:colcon.colcon_core.environment:checking '/home/xiaom/ROS2_Humble_LS2K0300/Example/ROS2_Humble_ws/src/e08_custom_ws/install/nav2_custom_controller' for CMake config files
[7.488s] Level 1:colcon.colcon_core.shell:create_environment_hook('nav2_custom_controller', 'cmake_prefix_path')
[7.488s] INFO:colcon.colcon_core.shell:Creating environment hook '/home/xiaom/ROS2_Humble_LS2K0300/Example/ROS2_Humble_ws/src/e08_custom_ws/install/nav2_custom_controller/share/nav2_custom_controller/hook/cmake_prefix_path.ps1'
[7.489s] INFO:colcon.colcon_core.shell:Creating environment descriptor '/home/xiaom/ROS2_Humble_LS2K0300/Example/ROS2_Humble_ws/src/e08_custom_ws/install/nav2_custom_controller/share/nav2_custom_controller/hook/cmake_prefix_path.dsv'
[7.490s] INFO:colcon.colcon_core.shell:Creating environment hook '/home/xiaom/ROS2_Humble_LS2K0300/Example/ROS2_Humble_ws/src/e08_custom_ws/install/nav2_custom_controller/share/nav2_custom_controller/hook/cmake_prefix_path.sh'
[7.491s] Level 1:colcon.colcon_core.environment:checking '/home/xiaom/ROS2_Humble_LS2K0300/Example/ROS2_Humble_ws/src/e08_custom_ws/install/nav2_custom_controller/lib'
[7.491s] Level 1:colcon.colcon_core.shell:create_environment_hook('nav2_custom_controller', 'ld_library_path_lib')
[7.491s] INFO:colcon.colcon_core.shell:Creating environment hook '/home/xiaom/ROS2_Humble_LS2K0300/Example/ROS2_Humble_ws/src/e08_custom_ws/install/nav2_custom_controller/share/nav2_custom_controller/hook/ld_library_path_lib.ps1'
[7.492s] INFO:colcon.colcon_core.shell:Creating environment descriptor '/home/xiaom/ROS2_Humble_LS2K0300/Example/ROS2_Humble_ws/src/e08_custom_ws/install/nav2_custom_controller/share/nav2_custom_controller/hook/ld_library_path_lib.dsv'
[7.493s] INFO:colcon.colcon_core.shell:Creating environment hook '/home/xiaom/ROS2_Humble_LS2K0300/Example/ROS2_Humble_ws/src/e08_custom_ws/install/nav2_custom_controller/share/nav2_custom_controller/hook/ld_library_path_lib.sh'
[7.493s] Level 1:colcon.colcon_core.environment:checking '/home/xiaom/ROS2_Humble_LS2K0300/Example/ROS2_Humble_ws/src/e08_custom_ws/install/nav2_custom_controller/bin'
[7.493s] Level 1:colcon.colcon_core.environment:checking '/home/xiaom/ROS2_Humble_LS2K0300/Example/ROS2_Humble_ws/src/e08_custom_ws/install/nav2_custom_controller/lib/pkgconfig/nav2_custom_controller.pc'
[7.494s] Level 1:colcon.colcon_core.environment:checking '/home/xiaom/ROS2_Humble_LS2K0300/Example/ROS2_Humble_ws/src/e08_custom_ws/install/nav2_custom_controller/lib/python3.10/site-packages'
[7.494s] Level 1:colcon.colcon_core.environment:checking '/home/xiaom/ROS2_Humble_LS2K0300/Example/ROS2_Humble_ws/src/e08_custom_ws/install/nav2_custom_controller/bin'
[7.495s] INFO:colcon.colcon_core.shell:Creating package script '/home/xiaom/ROS2_Humble_LS2K0300/Example/ROS2_Humble_ws/src/e08_custom_ws/install/nav2_custom_controller/share/nav2_custom_controller/package.ps1'
[7.496s] INFO:colcon.colcon_core.shell:Creating package descriptor '/home/xiaom/ROS2_Humble_LS2K0300/Example/ROS2_Humble_ws/src/e08_custom_ws/install/nav2_custom_controller/share/nav2_custom_controller/package.dsv'
[7.497s] INFO:colcon.colcon_core.shell:Creating package script '/home/xiaom/ROS2_Humble_LS2K0300/Example/ROS2_Humble_ws/src/e08_custom_ws/install/nav2_custom_controller/share/nav2_custom_controller/package.sh'
[7.498s] INFO:colcon.colcon_core.shell:Creating package script '/home/xiaom/ROS2_Humble_LS2K0300/Example/ROS2_Humble_ws/src/e08_custom_ws/install/nav2_custom_controller/share/nav2_custom_controller/package.bash'
[7.498s] INFO:colcon.colcon_core.shell:Creating package script '/home/xiaom/ROS2_Humble_LS2K0300/Example/ROS2_Humble_ws/src/e08_custom_ws/install/nav2_custom_controller/share/nav2_custom_controller/package.zsh'
[7.499s] Level 1:colcon.colcon_core.environment:create_file_with_runtime_dependencies(/home/xiaom/ROS2_Humble_LS2K0300/Example/ROS2_Humble_ws/src/e08_custom_ws/install/nav2_custom_controller/share/colcon-core/packages/nav2_custom_controller)
[7.500s] DEBUG:colcon.colcon_parallel_executor.executor.parallel:closing loop
[7.500s] DEBUG:colcon.colcon_parallel_executor.executor.parallel:loop closed
[7.500s] DEBUG:colcon.colcon_parallel_executor.executor.parallel:run_until_complete finished with '0'
[7.500s] DEBUG:colcon.colcon_core.event_reactor:joining thread
[7.508s] INFO:colcon.colcon_core.plugin_system:Skipping extension 'colcon_notification.desktop_notification.terminal_notifier': Not used on non-Darwin systems
[7.509s] INFO:colcon.colcon_core.plugin_system:Skipping extension 'colcon_notification.desktop_notification.win32': Not used on non-Windows systems
[7.509s] INFO:colcon.colcon_notification.desktop_notification:Sending desktop notification using 'notify2'
[7.526s] DEBUG:colcon.colcon_core.event_reactor:joined thread
[7.526s] INFO:colcon.colcon_core.shell:Creating prefix script '/home/xiaom/ROS2_Humble_LS2K0300/Example/ROS2_Humble_ws/src/e08_custom_ws/install/local_setup.ps1'
[7.528s] INFO:colcon.colcon_core.shell:Creating prefix util module '/home/xiaom/ROS2_Humble_LS2K0300/Example/ROS2_Humble_ws/src/e08_custom_ws/install/_local_setup_util_ps1.py'
[7.530s] INFO:colcon.colcon_core.shell:Creating prefix chain script '/home/xiaom/ROS2_Humble_LS2K0300/Example/ROS2_Humble_ws/src/e08_custom_ws/install/setup.ps1'
[7.531s] INFO:colcon.colcon_core.shell:Creating prefix script '/home/xiaom/ROS2_Humble_LS2K0300/Example/ROS2_Humble_ws/src/e08_custom_ws/install/local_setup.sh'
[7.532s] INFO:colcon.colcon_core.shell:Creating prefix util module '/home/xiaom/ROS2_Humble_LS2K0300/Example/ROS2_Humble_ws/src/e08_custom_ws/install/_local_setup_util_sh.py'
[7.534s] INFO:colcon.colcon_core.shell:Creating prefix chain script '/home/xiaom/ROS2_Humble_LS2K0300/Example/ROS2_Humble_ws/src/e08_custom_ws/install/setup.sh'
[7.537s] INFO:colcon.colcon_core.shell:Creating prefix script '/home/xiaom/ROS2_Humble_LS2K0300/Example/ROS2_Humble_ws/src/e08_custom_ws/install/local_setup.bash'
[7.538s] INFO:colcon.colcon_core.shell:Creating prefix chain script '/home/xiaom/ROS2_Humble_LS2K0300/Example/ROS2_Humble_ws/src/e08_custom_ws/install/setup.bash'
[7.540s] INFO:colcon.colcon_core.shell:Creating prefix script '/home/xiaom/ROS2_Humble_LS2K0300/Example/ROS2_Humble_ws/src/e08_custom_ws/install/local_setup.zsh'
[7.541s] INFO:colcon.colcon_core.shell:Creating prefix chain script '/home/xiaom/ROS2_Humble_LS2K0300/Example/ROS2_Humble_ws/src/e08_custom_ws/install/setup.zsh'
