[0.020s] Invoking command in '/home/xiaom/ROS2_Humble_LS2K0300/Example/ROS2_Humble_ws/src/e09_learn_pluginlib/build/motion_control_system': CMAKE_PREFIX_PATH=${CMAKE_PREFIX_PATH}:/opt/ros/humble /usr/bin/cmake --build /home/xiaom/ROS2_Humble_LS2K0300/Example/ROS2_Humble_ws/src/e09_learn_pluginlib/build/motion_control_system -- -j16 -l16
[0.055s] -- Found ament_cmake: 1.3.11 (/opt/ros/humble/share/ament_cmake/cmake)
[0.213s] -- Found pluginlib: 5.1.0 (/opt/ros/humble/share/pluginlib/cmake)
[0.255s] -- Found ament_lint_auto: 0.12.12 (/opt/ros/humble/share/ament_lint_auto/cmake)
[0.354s] -- Added test 'cppcheck' to perform static code analysis on C / C++ code
[0.354s] -- Configured cppcheck include dirs: /home/xiaom/ROS2_Humble_LS2K0300/Example/ROS2_Humble_ws/src/e09_learn_pluginlib/src/motion_control_system/include
[0.354s] -- Configured cppcheck exclude dirs and/or files: 
[0.354s] -- Added test 'lint_cmake' to check CMake code style
[0.355s] -- Added test 'uncrustify' to check C / C++ code style
[0.356s] -- Configured uncrustify additional arguments: 
[0.356s] -- Added test 'xmllint' to check XML markup files
[0.357s] -- Configuring done
[0.371s] -- Generating done
[0.378s] -- Build files have been written to: /home/xiaom/ROS2_Humble_LS2K0300/Example/ROS2_Humble_ws/src/e09_learn_pluginlib/build/motion_control_system
[0.409s] [35m[1mConsolidate compiler generated dependencies of target spin_motion_controller[0m
[0.427s] [ 25%] [32mBuilding CXX object CMakeFiles/test_plugin.dir/src/test_plugin.cpp.o[0m
[0.432s] [ 75%] Built target spin_motion_controller
[3.980s] [100%] [32m[1mLinking CXX executable test_plugin[0m
[4.189s] [100%] Built target test_plugin
[4.206s] Invoked command in '/home/xiaom/ROS2_Humble_LS2K0300/Example/ROS2_Humble_ws/src/e09_learn_pluginlib/build/motion_control_system' returned '0': CMAKE_PREFIX_PATH=${CMAKE_PREFIX_PATH}:/opt/ros/humble /usr/bin/cmake --build /home/xiaom/ROS2_Humble_LS2K0300/Example/ROS2_Humble_ws/src/e09_learn_pluginlib/build/motion_control_system -- -j16 -l16
[4.221s] Invoking command in '/home/xiaom/ROS2_Humble_LS2K0300/Example/ROS2_Humble_ws/src/e09_learn_pluginlib/build/motion_control_system': CMAKE_PREFIX_PATH=${CMAKE_PREFIX_PATH}:/opt/ros/humble /usr/bin/cmake --install /home/xiaom/ROS2_Humble_LS2K0300/Example/ROS2_Humble_ws/src/e09_learn_pluginlib/build/motion_control_system
[4.231s] -- Install configuration: ""
[4.231s] -- Installing: /home/xiaom/ROS2_Humble_LS2K0300/Example/ROS2_Humble_ws/src/e09_learn_pluginlib/install/motion_control_system/lib/motion_control_system/test_plugin
[4.234s] -- Set runtime path of "/home/xiaom/ROS2_Humble_LS2K0300/Example/ROS2_Humble_ws/src/e09_learn_pluginlib/install/motion_control_system/lib/motion_control_system/test_plugin" to ""
[4.234s] -- Up-to-date: /home/xiaom/ROS2_Humble_LS2K0300/Example/ROS2_Humble_ws/src/e09_learn_pluginlib/install/motion_control_system/lib/libspin_motion_controller.so
[4.234s] -- Up-to-date: /home/xiaom/ROS2_Humble_LS2K0300/Example/ROS2_Humble_ws/src/e09_learn_pluginlib/install/motion_control_system/include/
[4.234s] -- Up-to-date: /home/xiaom/ROS2_Humble_LS2K0300/Example/ROS2_Humble_ws/src/e09_learn_pluginlib/install/motion_control_system/include//motion_control_system
[4.235s] -- Up-to-date: /home/xiaom/ROS2_Humble_LS2K0300/Example/ROS2_Humble_ws/src/e09_learn_pluginlib/install/motion_control_system/include//motion_control_system/motion_control_interface.hpp
[4.235s] -- Up-to-date: /home/xiaom/ROS2_Humble_LS2K0300/Example/ROS2_Humble_ws/src/e09_learn_pluginlib/install/motion_control_system/include//motion_control_system/spin_motion_controller.hpp
[4.235s] -- Up-to-date: /home/xiaom/ROS2_Humble_LS2K0300/Example/ROS2_Humble_ws/src/e09_learn_pluginlib/install/motion_control_system/share/motion_control_system/spin_motion_plugins.xml
[4.235s] -- Up-to-date: /home/xiaom/ROS2_Humble_LS2K0300/Example/ROS2_Humble_ws/src/e09_learn_pluginlib/install/motion_control_system/share/ament_index/resource_index/package_run_dependencies/motion_control_system
[4.235s] -- Up-to-date: /home/xiaom/ROS2_Humble_LS2K0300/Example/ROS2_Humble_ws/src/e09_learn_pluginlib/install/motion_control_system/share/ament_index/resource_index/parent_prefix_path/motion_control_system
[4.235s] -- Up-to-date: /home/xiaom/ROS2_Humble_LS2K0300/Example/ROS2_Humble_ws/src/e09_learn_pluginlib/install/motion_control_system/share/motion_control_system/environment/ament_prefix_path.sh
[4.235s] -- Installing: /home/xiaom/ROS2_Humble_LS2K0300/Example/ROS2_Humble_ws/src/e09_learn_pluginlib/install/motion_control_system/share/motion_control_system/environment/ament_prefix_path.dsv
[4.235s] -- Up-to-date: /home/xiaom/ROS2_Humble_LS2K0300/Example/ROS2_Humble_ws/src/e09_learn_pluginlib/install/motion_control_system/share/motion_control_system/environment/path.sh
[4.235s] -- Installing: /home/xiaom/ROS2_Humble_LS2K0300/Example/ROS2_Humble_ws/src/e09_learn_pluginlib/install/motion_control_system/share/motion_control_system/environment/path.dsv
[4.236s] -- Up-to-date: /home/xiaom/ROS2_Humble_LS2K0300/Example/ROS2_Humble_ws/src/e09_learn_pluginlib/install/motion_control_system/share/motion_control_system/local_setup.bash
[4.236s] -- Up-to-date: /home/xiaom/ROS2_Humble_LS2K0300/Example/ROS2_Humble_ws/src/e09_learn_pluginlib/install/motion_control_system/share/motion_control_system/local_setup.sh
[4.236s] -- Up-to-date: /home/xiaom/ROS2_Humble_LS2K0300/Example/ROS2_Humble_ws/src/e09_learn_pluginlib/install/motion_control_system/share/motion_control_system/local_setup.zsh
[4.236s] -- Installing: /home/xiaom/ROS2_Humble_LS2K0300/Example/ROS2_Humble_ws/src/e09_learn_pluginlib/install/motion_control_system/share/motion_control_system/local_setup.dsv
[4.237s] -- Installing: /home/xiaom/ROS2_Humble_LS2K0300/Example/ROS2_Humble_ws/src/e09_learn_pluginlib/install/motion_control_system/share/motion_control_system/package.dsv
[4.237s] -- Up-to-date: /home/xiaom/ROS2_Humble_LS2K0300/Example/ROS2_Humble_ws/src/e09_learn_pluginlib/install/motion_control_system/share/ament_index/resource_index/packages/motion_control_system
[4.237s] -- Up-to-date: /home/xiaom/ROS2_Humble_LS2K0300/Example/ROS2_Humble_ws/src/e09_learn_pluginlib/install/motion_control_system/share/ament_index/resource_index/motion_control_system__pluginlib__plugin/motion_control_system
[4.237s] -- Up-to-date: /home/xiaom/ROS2_Humble_LS2K0300/Example/ROS2_Humble_ws/src/e09_learn_pluginlib/install/motion_control_system/share/motion_control_system/cmake/motion_control_systemConfig.cmake
[4.237s] -- Up-to-date: /home/xiaom/ROS2_Humble_LS2K0300/Example/ROS2_Humble_ws/src/e09_learn_pluginlib/install/motion_control_system/share/motion_control_system/cmake/motion_control_systemConfig-version.cmake
[4.237s] -- Up-to-date: /home/xiaom/ROS2_Humble_LS2K0300/Example/ROS2_Humble_ws/src/e09_learn_pluginlib/install/motion_control_system/share/motion_control_system/package.xml
[4.240s] Invoked command in '/home/xiaom/ROS2_Humble_LS2K0300/Example/ROS2_Humble_ws/src/e09_learn_pluginlib/build/motion_control_system' returned '0': CMAKE_PREFIX_PATH=${CMAKE_PREFIX_PATH}:/opt/ros/humble /usr/bin/cmake --install /home/xiaom/ROS2_Humble_LS2K0300/Example/ROS2_Humble_ws/src/e09_learn_pluginlib/build/motion_control_system
