[0.016s] Invoking command in '/home/xiaom/ROS2_Humble_LS2K0300/Example/ROS2_Humble_ws/src/e09_learn_pluginlib/build/motion_control_system': CMAKE_PREFIX_PATH=${CMAKE_PREFIX_PATH}:/opt/ros/humble /usr/bin/cmake /home/xiaom/ROS2_Humble_LS2K0300/Example/ROS2_Humble_ws/src/e09_learn_pluginlib/src/motion_control_system -DCMAKE_INSTALL_PREFIX=/home/xiaom/ROS2_Humble_LS2K0300/Example/ROS2_Humble_ws/src/e09_learn_pluginlib/install/motion_control_system
[0.086s] -- The C compiler identification is GNU 11.4.0
[0.161s] -- The CXX compiler identification is GNU 11.4.0
[0.171s] -- Detecting C compiler ABI info
[0.268s] -- Detecting C compiler ABI info - done
[0.279s] -- Check for working C compiler: /usr/bin/cc - skipped
[0.279s] -- Detecting C compile features
[0.279s] -- Detecting C compile features - done
[0.283s] -- Detecting CXX compiler ABI info
[0.403s] -- Detecting CXX compiler ABI info - done
[0.413s] -- Check for working CXX compiler: /usr/bin/c++ - skipped
[0.413s] -- Detecting CXX compile features
[0.414s] -- Detecting CXX compile features - done
[0.420s] -- Found ament_cmake: 1.3.11 (/opt/ros/humble/share/ament_cmake/cmake)
[0.614s] -- Found Python3: /usr/bin/python3 (found version "3.10.12") found components: Interpreter 
[0.748s] -- Found pluginlib: 5.1.0 (/opt/ros/humble/share/pluginlib/cmake)
[0.813s] -- Found ament_lint_auto: 0.12.12 (/opt/ros/humble/share/ament_lint_auto/cmake)
[0.932s] -- Added test 'cppcheck' to perform static code analysis on C / C++ code
[0.932s] -- Configured cppcheck include dirs: /home/xiaom/ROS2_Humble_LS2K0300/Example/ROS2_Humble_ws/src/e09_learn_pluginlib/src/motion_control_system/include
[0.932s] -- Configured cppcheck exclude dirs and/or files: 
[0.934s] -- Added test 'lint_cmake' to check CMake code style
[0.935s] -- Added test 'uncrustify' to check C / C++ code style
[0.935s] -- Configured uncrustify additional arguments: 
[0.935s] -- Added test 'xmllint' to check XML markup files
[0.939s] -- Configuring done
[0.950s] -- Generating done
[0.954s] -- Build files have been written to: /home/xiaom/ROS2_Humble_LS2K0300/Example/ROS2_Humble_ws/src/e09_learn_pluginlib/build/motion_control_system
[0.965s] Invoked command in '/home/xiaom/ROS2_Humble_LS2K0300/Example/ROS2_Humble_ws/src/e09_learn_pluginlib/build/motion_control_system' returned '0': CMAKE_PREFIX_PATH=${CMAKE_PREFIX_PATH}:/opt/ros/humble /usr/bin/cmake /home/xiaom/ROS2_Humble_LS2K0300/Example/ROS2_Humble_ws/src/e09_learn_pluginlib/src/motion_control_system -DCMAKE_INSTALL_PREFIX=/home/xiaom/ROS2_Humble_LS2K0300/Example/ROS2_Humble_ws/src/e09_learn_pluginlib/install/motion_control_system
[0.968s] Invoking command in '/home/xiaom/ROS2_Humble_LS2K0300/Example/ROS2_Humble_ws/src/e09_learn_pluginlib/build/motion_control_system': CMAKE_PREFIX_PATH=${CMAKE_PREFIX_PATH}:/opt/ros/humble /usr/bin/cmake --build /home/xiaom/ROS2_Humble_LS2K0300/Example/ROS2_Humble_ws/src/e09_learn_pluginlib/build/motion_control_system -- -j16 -l16
[1.038s] [ 50%] [32mBuilding CXX object CMakeFiles/spin_motion_controller.dir/src/spin_motion_controller.cpp.o[0m
[1.895s] [100%] [32m[1mLinking CXX shared library libspin_motion_controller.so[0m
[2.009s] [100%] Built target spin_motion_controller
[2.028s] Invoked command in '/home/xiaom/ROS2_Humble_LS2K0300/Example/ROS2_Humble_ws/src/e09_learn_pluginlib/build/motion_control_system' returned '0': CMAKE_PREFIX_PATH=${CMAKE_PREFIX_PATH}:/opt/ros/humble /usr/bin/cmake --build /home/xiaom/ROS2_Humble_LS2K0300/Example/ROS2_Humble_ws/src/e09_learn_pluginlib/build/motion_control_system -- -j16 -l16
[2.047s] Invoking command in '/home/xiaom/ROS2_Humble_LS2K0300/Example/ROS2_Humble_ws/src/e09_learn_pluginlib/build/motion_control_system': CMAKE_PREFIX_PATH=${CMAKE_PREFIX_PATH}:/opt/ros/humble /usr/bin/cmake --install /home/xiaom/ROS2_Humble_LS2K0300/Example/ROS2_Humble_ws/src/e09_learn_pluginlib/build/motion_control_system
[2.058s] -- Install configuration: ""
[2.058s] -- Installing: /home/xiaom/ROS2_Humble_LS2K0300/Example/ROS2_Humble_ws/src/e09_learn_pluginlib/install/motion_control_system/lib/libspin_motion_controller.so
[2.059s] -- Set runtime path of "/home/xiaom/ROS2_Humble_LS2K0300/Example/ROS2_Humble_ws/src/e09_learn_pluginlib/install/motion_control_system/lib/libspin_motion_controller.so" to ""
[2.059s] -- Installing: /home/xiaom/ROS2_Humble_LS2K0300/Example/ROS2_Humble_ws/src/e09_learn_pluginlib/install/motion_control_system/include/
[2.059s] -- Installing: /home/xiaom/ROS2_Humble_LS2K0300/Example/ROS2_Humble_ws/src/e09_learn_pluginlib/install/motion_control_system/include//motion_control_system
[2.060s] -- Installing: /home/xiaom/ROS2_Humble_LS2K0300/Example/ROS2_Humble_ws/src/e09_learn_pluginlib/install/motion_control_system/include//motion_control_system/motion_control_interface.hpp
[2.061s] -- Installing: /home/xiaom/ROS2_Humble_LS2K0300/Example/ROS2_Humble_ws/src/e09_learn_pluginlib/install/motion_control_system/include//motion_control_system/spin_motion_controller.hpp
[2.061s] -- Installing: /home/xiaom/ROS2_Humble_LS2K0300/Example/ROS2_Humble_ws/src/e09_learn_pluginlib/install/motion_control_system/share/motion_control_system/spin_motion_plugins.xml
[2.061s] -- Installing: /home/xiaom/ROS2_Humble_LS2K0300/Example/ROS2_Humble_ws/src/e09_learn_pluginlib/install/motion_control_system/share/ament_index/resource_index/package_run_dependencies/motion_control_system
[2.062s] -- Installing: /home/xiaom/ROS2_Humble_LS2K0300/Example/ROS2_Humble_ws/src/e09_learn_pluginlib/install/motion_control_system/share/ament_index/resource_index/parent_prefix_path/motion_control_system
[2.062s] -- Installing: /home/xiaom/ROS2_Humble_LS2K0300/Example/ROS2_Humble_ws/src/e09_learn_pluginlib/install/motion_control_system/share/motion_control_system/environment/ament_prefix_path.sh
[2.062s] -- Installing: /home/xiaom/ROS2_Humble_LS2K0300/Example/ROS2_Humble_ws/src/e09_learn_pluginlib/install/motion_control_system/share/motion_control_system/environment/ament_prefix_path.dsv
[2.062s] -- Installing: /home/xiaom/ROS2_Humble_LS2K0300/Example/ROS2_Humble_ws/src/e09_learn_pluginlib/install/motion_control_system/share/motion_control_system/environment/path.sh
[2.062s] -- Installing: /home/xiaom/ROS2_Humble_LS2K0300/Example/ROS2_Humble_ws/src/e09_learn_pluginlib/install/motion_control_system/share/motion_control_system/environment/path.dsv
[2.064s] -- Installing: /home/xiaom/ROS2_Humble_LS2K0300/Example/ROS2_Humble_ws/src/e09_learn_pluginlib/install/motion_control_system/share/motion_control_system/local_setup.bash
[2.064s] -- Installing: /home/xiaom/ROS2_Humble_LS2K0300/Example/ROS2_Humble_ws/src/e09_learn_pluginlib/install/motion_control_system/share/motion_control_system/local_setup.sh
[2.064s] -- Installing: /home/xiaom/ROS2_Humble_LS2K0300/Example/ROS2_Humble_ws/src/e09_learn_pluginlib/install/motion_control_system/share/motion_control_system/local_setup.zsh
[2.064s] -- Installing: /home/xiaom/ROS2_Humble_LS2K0300/Example/ROS2_Humble_ws/src/e09_learn_pluginlib/install/motion_control_system/share/motion_control_system/local_setup.dsv
[2.064s] -- Installing: /home/xiaom/ROS2_Humble_LS2K0300/Example/ROS2_Humble_ws/src/e09_learn_pluginlib/install/motion_control_system/share/motion_control_system/package.dsv
[2.065s] -- Installing: /home/xiaom/ROS2_Humble_LS2K0300/Example/ROS2_Humble_ws/src/e09_learn_pluginlib/install/motion_control_system/share/ament_index/resource_index/packages/motion_control_system
[2.065s] -- Installing: /home/xiaom/ROS2_Humble_LS2K0300/Example/ROS2_Humble_ws/src/e09_learn_pluginlib/install/motion_control_system/share/ament_index/resource_index/motion_control_system__pluginlib__plugin/motion_control_system
[2.065s] -- Installing: /home/xiaom/ROS2_Humble_LS2K0300/Example/ROS2_Humble_ws/src/e09_learn_pluginlib/install/motion_control_system/share/motion_control_system/cmake/motion_control_systemConfig.cmake
[2.066s] -- Installing: /home/xiaom/ROS2_Humble_LS2K0300/Example/ROS2_Humble_ws/src/e09_learn_pluginlib/install/motion_control_system/share/motion_control_system/cmake/motion_control_systemConfig-version.cmake
[2.067s] -- Installing: /home/xiaom/ROS2_Humble_LS2K0300/Example/ROS2_Humble_ws/src/e09_learn_pluginlib/install/motion_control_system/share/motion_control_system/package.xml
[2.070s] Invoked command in '/home/xiaom/ROS2_Humble_LS2K0300/Example/ROS2_Humble_ws/src/e09_learn_pluginlib/build/motion_control_system' returned '0': CMAKE_PREFIX_PATH=${CMAKE_PREFIX_PATH}:/opt/ros/humble /usr/bin/cmake --install /home/xiaom/ROS2_Humble_LS2K0300/Example/ROS2_Humble_ws/src/e09_learn_pluginlib/build/motion_control_system
