[35m[1mConsolidate compiler generated dependencies of target nav2_custom_controller_plugin[0m
[ 50%] [32mBuilding CXX object CMakeFiles/nav2_custom_controller_plugin.dir/src/custom_controller.cpp.o[0m
[01m[K/home/xiaom/ROS2_Humble_LS2K0300/Example/ROS2_Humble_ws/src/e08_custom_ws/src/nav2_custom_controller/src/custom_controller.cpp:[m[K In member function ‘[01m[Kvirtual geometry_msgs::msg::TwistStamped nav2_custom_controller::CustomController::computeVelocityCommands(const PoseStamped&, const Twist&, nav2_core::GoalChecker*)[m[K’:
[01m[K/home/xiaom/ROS2_Humble_LS2K0300/Example/ROS2_Humble_ws/src/e08_custom_ws/src/nav2_custom_controller/src/custom_controller.cpp:89:14:[m[K [01;31m[Kerror: [m[K‘[01m[KTransformStamped[m[K’ is not a member of ‘[01m[Ktf2_ros[m[K’; did you mean ‘[01m[KTransformStampedFuture[m[K’?
   89 |     tf2_ros::[01;31m[KTransformStamped[m[K transform = tf_->lookupTransform("base_link", target_pose.header.frame_id, tf_time, tf2::durationFromSec(0.1));
      |              [01;31m[K^~~~~~~~~~~~~~~~[m[K
      |              [32m[KTransformStampedFuture[m[K
[01m[K/home/xiaom/ROS2_Humble_LS2K0300/Example/ROS2_Humble_ws/src/e08_custom_ws/src/nav2_custom_controller/src/custom_controller.cpp:90:53:[m[K [01;31m[Kerror: [m[K‘[01m[Ktransform[m[K’ was not declared in this scope; did you mean ‘[01m[Kstd::transform[m[K’?
   90 |     tf2::doTransform(target_pose, target_pose_base, [01;31m[Ktransform[m[K);
      |                                                     [01;31m[K^~~~~~~~~[m[K
      |                                                     [32m[Kstd::transform[m[K
In file included from [01m[K/usr/include/c++/11/algorithm:74[m[K,
                 from [01m[K/opt/ros/humble/include/nav2_costmap_2d/nav2_costmap_2d/costmap_2d_publisher.hpp:42[m[K,
                 from [01m[K/opt/ros/humble/include/nav2_costmap_2d/nav2_costmap_2d/costmap_2d_ros.hpp:48[m[K,
                 from [01m[K/opt/ros/humble/include/nav2_core/controller.hpp:42[m[K,
                 from [01m[K/home/xiaom/ROS2_Humble_LS2K0300/Example/ROS2_Humble_ws/src/e08_custom_ws/src/nav2_custom_controller/include/nav2_custom_controller/custom_controller.hpp:8[m[K,
                 from [01m[K/home/xiaom/ROS2_Humble_LS2K0300/Example/ROS2_Humble_ws/src/e08_custom_ws/src/nav2_custom_controller/src/custom_controller.cpp:1[m[K:
[01m[K/usr/include/c++/11/pstl/glue_algorithm_defs.h:162:1:[m[K [01;36m[Knote: [m[K‘[01m[Kstd::transform[m[K’ declared here
  162 | [01;36m[Ktransform[m[K(_ExecutionPolicy&& __exec, _ForwardIterator1 __first1, _ForwardIterator1 __last1, _ForwardIterator2 __first2,
      | [01;36m[K^~~~~~~~~[m[K
gmake[2]: *** [CMakeFiles/nav2_custom_controller_plugin.dir/build.make:76：CMakeFiles/nav2_custom_controller_plugin.dir/src/custom_controller.cpp.o] 错误 1
gmake[1]: *** [CMakeFiles/Makefile2:137：CMakeFiles/nav2_custom_controller_plugin.dir/all] 错误 2
gmake: *** [Makefile:146：all] 错误 2
