[35m[1mConsolidate compiler generated dependencies of target nav2_custom_controller_plugin[0m
[ 50%] [32mBuilding CXX object CMakeFiles/nav2_custom_controller_plugin.dir/src/custom_controller.cpp.o[0m
[01m[K/home/xiaom/ROS2_Humble_LS2K0300/Example/ROS2_Humble_ws/src/e08_custom_ws/src/nav2_custom_controller/src/custom_controller.cpp:[m[K In member function ‘[01m[Kvirtual geometry_msgs::msg::TwistStamped nav2_custom_controller::CustomController::computeVelocityCommands(const PoseStamped&, const Twist&, nav2_core::GoalChecker*)[m[K’:
[01m[K/home/xiaom/ROS2_Humble_LS2K0300/Example/ROS2_Humble_ws/src/e08_custom_ws/src/nav2_custom_controller/src/custom_controller.cpp:266:10:[m[K [01;35m[Kwarning: [m[Kunused variable ‘[01m[Kderivative[m[K’ [[01;35m[K]8;;https://gcc.gnu.org/onlinedocs/gcc/Warning-Options.html#index-Wunused-variable-Wunused-variable]8;;[m[K]
  266 |   double [01;35m[Kderivative[m[K = dt > 0.0 ? (total_error - last_lateral_error_) / dt : 0.0;
      |          [01;35m[K^~~~~~~~~~[m[K
[100%] [32m[1mLinking CXX shared library libnav2_custom_controller_plugin.so[0m
[100%] Built target nav2_custom_controller_plugin
-- Install configuration: ""
-- Installing: /home/xiaom/ROS2_Humble_LS2K0300/Example/ROS2_Humble_ws/src/e08_custom_ws/install/nav2_custom_controller/lib/libnav2_custom_controller_plugin.so
-- Set runtime path of "/home/xiaom/ROS2_Humble_LS2K0300/Example/ROS2_Humble_ws/src/e08_custom_ws/install/nav2_custom_controller/lib/libnav2_custom_controller_plugin.so" to ""
-- Up-to-date: /home/xiaom/ROS2_Humble_LS2K0300/Example/ROS2_Humble_ws/src/e08_custom_ws/install/nav2_custom_controller/include/
-- Up-to-date: /home/xiaom/ROS2_Humble_LS2K0300/Example/ROS2_Humble_ws/src/e08_custom_ws/install/nav2_custom_controller/include//nav2_custom_controller
-- Installing: /home/xiaom/ROS2_Humble_LS2K0300/Example/ROS2_Humble_ws/src/e08_custom_ws/install/nav2_custom_controller/include//nav2_custom_controller/custom_controller.hpp
-- Up-to-date: /home/xiaom/ROS2_Humble_LS2K0300/Example/ROS2_Humble_ws/src/e08_custom_ws/install/nav2_custom_controller/share/nav2_custom_controller/nav2_custom_controller.xml
-- Up-to-date: /home/xiaom/ROS2_Humble_LS2K0300/Example/ROS2_Humble_ws/src/e08_custom_ws/install/nav2_custom_controller/share/ament_index/resource_index/package_run_dependencies/nav2_custom_controller
-- Up-to-date: /home/xiaom/ROS2_Humble_LS2K0300/Example/ROS2_Humble_ws/src/e08_custom_ws/install/nav2_custom_controller/share/ament_index/resource_index/parent_prefix_path/nav2_custom_controller
-- Up-to-date: /home/xiaom/ROS2_Humble_LS2K0300/Example/ROS2_Humble_ws/src/e08_custom_ws/install/nav2_custom_controller/share/nav2_custom_controller/environment/ament_prefix_path.sh
-- Up-to-date: /home/xiaom/ROS2_Humble_LS2K0300/Example/ROS2_Humble_ws/src/e08_custom_ws/install/nav2_custom_controller/share/nav2_custom_controller/environment/ament_prefix_path.dsv
-- Up-to-date: /home/xiaom/ROS2_Humble_LS2K0300/Example/ROS2_Humble_ws/src/e08_custom_ws/install/nav2_custom_controller/share/nav2_custom_controller/environment/path.sh
-- Up-to-date: /home/xiaom/ROS2_Humble_LS2K0300/Example/ROS2_Humble_ws/src/e08_custom_ws/install/nav2_custom_controller/share/nav2_custom_controller/environment/path.dsv
-- Up-to-date: /home/xiaom/ROS2_Humble_LS2K0300/Example/ROS2_Humble_ws/src/e08_custom_ws/install/nav2_custom_controller/share/nav2_custom_controller/local_setup.bash
-- Up-to-date: /home/xiaom/ROS2_Humble_LS2K0300/Example/ROS2_Humble_ws/src/e08_custom_ws/install/nav2_custom_controller/share/nav2_custom_controller/local_setup.sh
-- Up-to-date: /home/xiaom/ROS2_Humble_LS2K0300/Example/ROS2_Humble_ws/src/e08_custom_ws/install/nav2_custom_controller/share/nav2_custom_controller/local_setup.zsh
-- Up-to-date: /home/xiaom/ROS2_Humble_LS2K0300/Example/ROS2_Humble_ws/src/e08_custom_ws/install/nav2_custom_controller/share/nav2_custom_controller/local_setup.dsv
-- Installing: /home/xiaom/ROS2_Humble_LS2K0300/Example/ROS2_Humble_ws/src/e08_custom_ws/install/nav2_custom_controller/share/nav2_custom_controller/package.dsv
-- Up-to-date: /home/xiaom/ROS2_Humble_LS2K0300/Example/ROS2_Humble_ws/src/e08_custom_ws/install/nav2_custom_controller/share/ament_index/resource_index/packages/nav2_custom_controller
-- Up-to-date: /home/xiaom/ROS2_Humble_LS2K0300/Example/ROS2_Humble_ws/src/e08_custom_ws/install/nav2_custom_controller/share/ament_index/resource_index/nav2_core__pluginlib__plugin/nav2_custom_controller
-- Up-to-date: /home/xiaom/ROS2_Humble_LS2K0300/Example/ROS2_Humble_ws/src/e08_custom_ws/install/nav2_custom_controller/share/nav2_custom_controller/cmake/nav2_custom_controllerConfig.cmake
-- Up-to-date: /home/xiaom/ROS2_Humble_LS2K0300/Example/ROS2_Humble_ws/src/e08_custom_ws/install/nav2_custom_controller/share/nav2_custom_controller/cmake/nav2_custom_controllerConfig-version.cmake
-- Up-to-date: /home/xiaom/ROS2_Humble_LS2K0300/Example/ROS2_Humble_ws/src/e08_custom_ws/install/nav2_custom_controller/share/nav2_custom_controller/package.xml
