[0.022s] Invoking command in '/home/xiaom/ROS2_Humble_LS2K0300/Example/ROS2_Humble_ws/src/e08_custom_ws/build/nav2_custom_planner': CMAKE_PREFIX_PATH=${CMAKE_PREFIX_PATH}:/opt/ros/humble /usr/bin/cmake --build /home/xiaom/ROS2_Humble_LS2K0300/Example/ROS2_Humble_ws/src/e08_custom_ws/build/nav2_custom_planner -- -j16 -l16
[0.166s] [35m[1mConsolidate compiler generated dependencies of target nav2_custom_planner_plugin[0m
[0.205s] [ 50%] [32mBuilding CXX object CMakeFiles/nav2_custom_planner_plugin.dir/src/nav2_custom_planner.cpp.o[0m
[7.262s] [100%] [32m[1mLinking CXX shared library libnav2_custom_planner_plugin.so[0m
[7.923s] [100%] Built target nav2_custom_planner_plugin
[7.941s] Invoked command in '/home/xiaom/ROS2_Humble_LS2K0300/Example/ROS2_Humble_ws/src/e08_custom_ws/build/nav2_custom_planner' returned '0': CMAKE_PREFIX_PATH=${CMAKE_PREFIX_PATH}:/opt/ros/humble /usr/bin/cmake --build /home/xiaom/ROS2_Humble_LS2K0300/Example/ROS2_Humble_ws/src/e08_custom_ws/build/nav2_custom_planner -- -j16 -l16
[7.957s] Invoking command in '/home/xiaom/ROS2_Humble_LS2K0300/Example/ROS2_Humble_ws/src/e08_custom_ws/build/nav2_custom_planner': CMAKE_PREFIX_PATH=${CMAKE_PREFIX_PATH}:/opt/ros/humble /usr/bin/cmake --install /home/xiaom/ROS2_Humble_LS2K0300/Example/ROS2_Humble_ws/src/e08_custom_ws/build/nav2_custom_planner
[7.967s] -- Install configuration: ""
[7.969s] -- Installing: /home/xiaom/ROS2_Humble_LS2K0300/Example/ROS2_Humble_ws/src/e08_custom_ws/install/nav2_custom_planner/lib/libnav2_custom_planner_plugin.so
[7.970s] -- Set runtime path of "/home/xiaom/ROS2_Humble_LS2K0300/Example/ROS2_Humble_ws/src/e08_custom_ws/install/nav2_custom_planner/lib/libnav2_custom_planner_plugin.so" to ""
[7.970s] -- Up-to-date: /home/xiaom/ROS2_Humble_LS2K0300/Example/ROS2_Humble_ws/src/e08_custom_ws/install/nav2_custom_planner/include/
[7.971s] -- Up-to-date: /home/xiaom/ROS2_Humble_LS2K0300/Example/ROS2_Humble_ws/src/e08_custom_ws/install/nav2_custom_planner/include//nav2_custom_planner
[7.971s] -- Up-to-date: /home/xiaom/ROS2_Humble_LS2K0300/Example/ROS2_Humble_ws/src/e08_custom_ws/install/nav2_custom_planner/include//nav2_custom_planner/nav2_custom_planner.hpp
[7.971s] -- Up-to-date: /home/xiaom/ROS2_Humble_LS2K0300/Example/ROS2_Humble_ws/src/e08_custom_ws/install/nav2_custom_planner/share/nav2_custom_planner/custom_planner_plugin.xml
[7.971s] -- Up-to-date: /home/xiaom/ROS2_Humble_LS2K0300/Example/ROS2_Humble_ws/src/e08_custom_ws/install/nav2_custom_planner/share/ament_index/resource_index/package_run_dependencies/nav2_custom_planner
[7.972s] -- Up-to-date: /home/xiaom/ROS2_Humble_LS2K0300/Example/ROS2_Humble_ws/src/e08_custom_ws/install/nav2_custom_planner/share/ament_index/resource_index/parent_prefix_path/nav2_custom_planner
[7.972s] -- Up-to-date: /home/xiaom/ROS2_Humble_LS2K0300/Example/ROS2_Humble_ws/src/e08_custom_ws/install/nav2_custom_planner/share/nav2_custom_planner/environment/ament_prefix_path.sh
[7.972s] -- Up-to-date: /home/xiaom/ROS2_Humble_LS2K0300/Example/ROS2_Humble_ws/src/e08_custom_ws/install/nav2_custom_planner/share/nav2_custom_planner/environment/ament_prefix_path.dsv
[7.972s] -- Up-to-date: /home/xiaom/ROS2_Humble_LS2K0300/Example/ROS2_Humble_ws/src/e08_custom_ws/install/nav2_custom_planner/share/nav2_custom_planner/environment/path.sh
[7.972s] -- Up-to-date: /home/xiaom/ROS2_Humble_LS2K0300/Example/ROS2_Humble_ws/src/e08_custom_ws/install/nav2_custom_planner/share/nav2_custom_planner/environment/path.dsv
[7.972s] -- Up-to-date: /home/xiaom/ROS2_Humble_LS2K0300/Example/ROS2_Humble_ws/src/e08_custom_ws/install/nav2_custom_planner/share/nav2_custom_planner/local_setup.bash
[7.972s] -- Up-to-date: /home/xiaom/ROS2_Humble_LS2K0300/Example/ROS2_Humble_ws/src/e08_custom_ws/install/nav2_custom_planner/share/nav2_custom_planner/local_setup.sh
[7.973s] -- Up-to-date: /home/xiaom/ROS2_Humble_LS2K0300/Example/ROS2_Humble_ws/src/e08_custom_ws/install/nav2_custom_planner/share/nav2_custom_planner/local_setup.zsh
[7.973s] -- Up-to-date: /home/xiaom/ROS2_Humble_LS2K0300/Example/ROS2_Humble_ws/src/e08_custom_ws/install/nav2_custom_planner/share/nav2_custom_planner/local_setup.dsv
[7.973s] -- Installing: /home/xiaom/ROS2_Humble_LS2K0300/Example/ROS2_Humble_ws/src/e08_custom_ws/install/nav2_custom_planner/share/nav2_custom_planner/package.dsv
[7.973s] -- Up-to-date: /home/xiaom/ROS2_Humble_LS2K0300/Example/ROS2_Humble_ws/src/e08_custom_ws/install/nav2_custom_planner/share/ament_index/resource_index/packages/nav2_custom_planner
[7.973s] -- Up-to-date: /home/xiaom/ROS2_Humble_LS2K0300/Example/ROS2_Humble_ws/src/e08_custom_ws/install/nav2_custom_planner/share/ament_index/resource_index/nav2_core__pluginlib__plugin/nav2_custom_planner
[7.973s] -- Up-to-date: /home/xiaom/ROS2_Humble_LS2K0300/Example/ROS2_Humble_ws/src/e08_custom_ws/install/nav2_custom_planner/share/nav2_custom_planner/cmake/nav2_custom_plannerConfig.cmake
[7.973s] -- Up-to-date: /home/xiaom/ROS2_Humble_LS2K0300/Example/ROS2_Humble_ws/src/e08_custom_ws/install/nav2_custom_planner/share/nav2_custom_planner/cmake/nav2_custom_plannerConfig-version.cmake
[7.973s] -- Up-to-date: /home/xiaom/ROS2_Humble_LS2K0300/Example/ROS2_Humble_ws/src/e08_custom_ws/install/nav2_custom_planner/share/nav2_custom_planner/package.xml
[7.976s] Invoked command in '/home/xiaom/ROS2_Humble_LS2K0300/Example/ROS2_Humble_ws/src/e08_custom_ws/build/nav2_custom_planner' returned '0': CMAKE_PREFIX_PATH=${CMAKE_PREFIX_PATH}:/opt/ros/humble /usr/bin/cmake --install /home/xiaom/ROS2_Humble_LS2K0300/Example/ROS2_Humble_ws/src/e08_custom_ws/build/nav2_custom_planner
