[0.021s] Invoking command in '/home/xiaom/ROS2_Humble_LS2K0300/Example/ROS2_Humble_ws/src/e07_nav2_bringup/build/e07_nav2_bringup': CMAKE_PREFIX_PATH=${CMAKE_PREFIX_PATH}:/opt/ros/humble /usr/bin/cmake --build /home/xiaom/ROS2_Humble_LS2K0300/Example/ROS2_Humble_ws/src/e07_nav2_bringup/build/e07_nav2_bringup -- -j16 -l16
[0.082s] Invoked command in '/home/xiaom/ROS2_Humble_LS2K0300/Example/ROS2_Humble_ws/src/e07_nav2_bringup/build/e07_nav2_bringup' returned '0': CMAKE_PREFIX_PATH=${CMAKE_PREFIX_PATH}:/opt/ros/humble /usr/bin/cmake --build /home/xiaom/ROS2_Humble_LS2K0300/Example/ROS2_Humble_ws/src/e07_nav2_bringup/build/e07_nav2_bringup -- -j16 -l16
[0.100s] Invoking command in '/home/xiaom/ROS2_Humble_LS2K0300/Example/ROS2_Humble_ws/src/e07_nav2_bringup/build/e07_nav2_bringup': CMAKE_PREFIX_PATH=${CMAKE_PREFIX_PATH}:/opt/ros/humble /usr/bin/cmake --install /home/xiaom/ROS2_Humble_LS2K0300/Example/ROS2_Humble_ws/src/e07_nav2_bringup/build/e07_nav2_bringup
[0.111s] -- Install configuration: ""
[0.112s] -- Up-to-date: /home/xiaom/ROS2_Humble_LS2K0300/Example/ROS2_Humble_ws/src/e07_nav2_bringup/install/e07_nav2_bringup/share/e07_nav2_bringup/launch
[0.112s] -- Up-to-date: /home/xiaom/ROS2_Humble_LS2K0300/Example/ROS2_Humble_ws/src/e07_nav2_bringup/install/e07_nav2_bringup/share/e07_nav2_bringup/launch/local_launch.py
[0.112s] -- Up-to-date: /home/xiaom/ROS2_Humble_LS2K0300/Example/ROS2_Humble_ws/src/e07_nav2_bringup/install/e07_nav2_bringup/share/e07_nav2_bringup/launch/nav2_localization_launch.py
[0.112s] -- Up-to-date: /home/xiaom/ROS2_Humble_LS2K0300/Example/ROS2_Humble_ws/src/e07_nav2_bringup/install/e07_nav2_bringup/share/e07_nav2_bringup/launch/nav2_slam_mapping_launch.py
[0.113s] -- Up-to-date: /home/xiaom/ROS2_Humble_LS2K0300/Example/ROS2_Humble_ws/src/e07_nav2_bringup/install/e07_nav2_bringup/share/e07_nav2_bringup/launch/nav2_cartographer_mapping_launch.py
[0.113s] -- Up-to-date: /home/xiaom/ROS2_Humble_LS2K0300/Example/ROS2_Humble_ws/src/e07_nav2_bringup/install/e07_nav2_bringup/share/e07_nav2_bringup/launch/nav2_dwb_launch.py
[0.113s] -- Up-to-date: /home/xiaom/ROS2_Humble_LS2K0300/Example/ROS2_Humble_ws/src/e07_nav2_bringup/install/e07_nav2_bringup/share/e07_nav2_bringup/launch/rviz_launch.py
[0.113s] -- Up-to-date: /home/xiaom/ROS2_Humble_LS2K0300/Example/ROS2_Humble_ws/src/e07_nav2_bringup/install/e07_nav2_bringup/share/e07_nav2_bringup/params
[0.114s] -- Up-to-date: /home/xiaom/ROS2_Humble_LS2K0300/Example/ROS2_Humble_ws/src/e07_nav2_bringup/install/e07_nav2_bringup/share/e07_nav2_bringup/params/nav2_teb_params.yaml
[0.114s] -- Up-to-date: /home/xiaom/ROS2_Humble_LS2K0300/Example/ROS2_Humble_ws/src/e07_nav2_bringup/install/e07_nav2_bringup/share/e07_nav2_bringup/params/navigate_w_replanning_and_recovery.xml
[0.114s] -- Up-to-date: /home/xiaom/ROS2_Humble_LS2K0300/Example/ROS2_Humble_ws/src/e07_nav2_bringup/install/e07_nav2_bringup/share/e07_nav2_bringup/params/nav2_homing_params.yaml
[0.114s] -- Up-to-date: /home/xiaom/ROS2_Humble_LS2K0300/Example/ROS2_Humble_ws/src/e07_nav2_bringup/install/e07_nav2_bringup/share/e07_nav2_bringup/params/amcl_params.yaml
[0.114s] -- Up-to-date: /home/xiaom/ROS2_Humble_LS2K0300/Example/ROS2_Humble_ws/src/e07_nav2_bringup/install/e07_nav2_bringup/share/e07_nav2_bringup/params/nav2_teb_params（复件）.yaml
[0.115s] -- Installing: /home/xiaom/ROS2_Humble_LS2K0300/Example/ROS2_Humble_ws/src/e07_nav2_bringup/install/e07_nav2_bringup/share/e07_nav2_bringup/params/nav2_dwb_params.yaml
[0.115s] -- Up-to-date: /home/xiaom/ROS2_Humble_LS2K0300/Example/ROS2_Humble_ws/src/e07_nav2_bringup/install/e07_nav2_bringup/share/e07_nav2_bringup/params/map_server.yaml
[0.115s] -- Up-to-date: /home/xiaom/ROS2_Humble_LS2K0300/Example/ROS2_Humble_ws/src/e07_nav2_bringup/install/e07_nav2_bringup/share/e07_nav2_bringup/maps
[0.115s] -- Up-to-date: /home/xiaom/ROS2_Humble_LS2K0300/Example/ROS2_Humble_ws/src/e07_nav2_bringup/install/e07_nav2_bringup/share/e07_nav2_bringup/maps/test_map.yaml
[0.116s] -- Up-to-date: /home/xiaom/ROS2_Humble_LS2K0300/Example/ROS2_Humble_ws/src/e07_nav2_bringup/install/e07_nav2_bringup/share/e07_nav2_bringup/maps/ros_map.yaml
[0.116s] -- Up-to-date: /home/xiaom/ROS2_Humble_LS2K0300/Example/ROS2_Humble_ws/src/e07_nav2_bringup/install/e07_nav2_bringup/share/e07_nav2_bringup/maps/xxxxx.pgm
[0.116s] -- Up-to-date: /home/xiaom/ROS2_Humble_LS2K0300/Example/ROS2_Humble_ws/src/e07_nav2_bringup/install/e07_nav2_bringup/share/e07_nav2_bringup/maps/ros_map.pgm
[0.116s] -- Up-to-date: /home/xiaom/ROS2_Humble_LS2K0300/Example/ROS2_Humble_ws/src/e07_nav2_bringup/install/e07_nav2_bringup/share/e07_nav2_bringup/maps/xxxxx.yaml
[0.116s] -- Up-to-date: /home/xiaom/ROS2_Humble_LS2K0300/Example/ROS2_Humble_ws/src/e07_nav2_bringup/install/e07_nav2_bringup/share/e07_nav2_bringup/maps/my_map.yaml
[0.116s] -- Up-to-date: /home/xiaom/ROS2_Humble_LS2K0300/Example/ROS2_Humble_ws/src/e07_nav2_bringup/install/e07_nav2_bringup/share/e07_nav2_bringup/maps/test_map.pgm
[0.117s] -- Up-to-date: /home/xiaom/ROS2_Humble_LS2K0300/Example/ROS2_Humble_ws/src/e07_nav2_bringup/install/e07_nav2_bringup/share/e07_nav2_bringup/maps/my_map.pgm
[0.117s] -- Up-to-date: /home/xiaom/ROS2_Humble_LS2K0300/Example/ROS2_Humble_ws/src/e07_nav2_bringup/install/e07_nav2_bringup/share/e07_nav2_bringup/rviz
[0.117s] -- Up-to-date: /home/xiaom/ROS2_Humble_LS2K0300/Example/ROS2_Humble_ws/src/e07_nav2_bringup/install/e07_nav2_bringup/share/e07_nav2_bringup/rviz/nav2_default_view.rviz
[0.117s] -- Up-to-date: /home/xiaom/ROS2_Humble_LS2K0300/Example/ROS2_Humble_ws/src/e07_nav2_bringup/install/e07_nav2_bringup/share/e07_nav2_bringup/bts
[0.117s] -- Up-to-date: /home/xiaom/ROS2_Humble_LS2K0300/Example/ROS2_Humble_ws/src/e07_nav2_bringup/install/e07_nav2_bringup/share/e07_nav2_bringup/bts/navigate_homing_replanning_and_recovery.xml
[0.117s] -- Up-to-date: /home/xiaom/ROS2_Humble_LS2K0300/Example/ROS2_Humble_ws/src/e07_nav2_bringup/install/e07_nav2_bringup/share/e07_nav2_bringup/bts/bt_planner_controller_behavior_poses.xml
[0.117s] -- Up-to-date: /home/xiaom/ROS2_Humble_LS2K0300/Example/ROS2_Humble_ws/src/e07_nav2_bringup/install/e07_nav2_bringup/share/e07_nav2_bringup/bts/bt_planner_controller_behavior.xml
[0.117s] -- Up-to-date: /home/xiaom/ROS2_Humble_LS2K0300/Example/ROS2_Humble_ws/src/e07_nav2_bringup/install/e07_nav2_bringup/share/ament_index/resource_index/package_run_dependencies/e07_nav2_bringup
[0.117s] -- Up-to-date: /home/xiaom/ROS2_Humble_LS2K0300/Example/ROS2_Humble_ws/src/e07_nav2_bringup/install/e07_nav2_bringup/share/ament_index/resource_index/parent_prefix_path/e07_nav2_bringup
[0.117s] -- Up-to-date: /home/xiaom/ROS2_Humble_LS2K0300/Example/ROS2_Humble_ws/src/e07_nav2_bringup/install/e07_nav2_bringup/share/e07_nav2_bringup/environment/ament_prefix_path.sh
[0.117s] -- Up-to-date: /home/xiaom/ROS2_Humble_LS2K0300/Example/ROS2_Humble_ws/src/e07_nav2_bringup/install/e07_nav2_bringup/share/e07_nav2_bringup/environment/ament_prefix_path.dsv
[0.117s] -- Up-to-date: /home/xiaom/ROS2_Humble_LS2K0300/Example/ROS2_Humble_ws/src/e07_nav2_bringup/install/e07_nav2_bringup/share/e07_nav2_bringup/environment/path.sh
[0.118s] -- Up-to-date: /home/xiaom/ROS2_Humble_LS2K0300/Example/ROS2_Humble_ws/src/e07_nav2_bringup/install/e07_nav2_bringup/share/e07_nav2_bringup/environment/path.dsv
[0.118s] -- Up-to-date: /home/xiaom/ROS2_Humble_LS2K0300/Example/ROS2_Humble_ws/src/e07_nav2_bringup/install/e07_nav2_bringup/share/e07_nav2_bringup/local_setup.bash
[0.118s] -- Up-to-date: /home/xiaom/ROS2_Humble_LS2K0300/Example/ROS2_Humble_ws/src/e07_nav2_bringup/install/e07_nav2_bringup/share/e07_nav2_bringup/local_setup.sh
[0.118s] -- Up-to-date: /home/xiaom/ROS2_Humble_LS2K0300/Example/ROS2_Humble_ws/src/e07_nav2_bringup/install/e07_nav2_bringup/share/e07_nav2_bringup/local_setup.zsh
[0.118s] -- Up-to-date: /home/xiaom/ROS2_Humble_LS2K0300/Example/ROS2_Humble_ws/src/e07_nav2_bringup/install/e07_nav2_bringup/share/e07_nav2_bringup/local_setup.dsv
[0.118s] -- Installing: /home/xiaom/ROS2_Humble_LS2K0300/Example/ROS2_Humble_ws/src/e07_nav2_bringup/install/e07_nav2_bringup/share/e07_nav2_bringup/package.dsv
[0.118s] -- Up-to-date: /home/xiaom/ROS2_Humble_LS2K0300/Example/ROS2_Humble_ws/src/e07_nav2_bringup/install/e07_nav2_bringup/share/ament_index/resource_index/packages/e07_nav2_bringup
[0.118s] -- Up-to-date: /home/xiaom/ROS2_Humble_LS2K0300/Example/ROS2_Humble_ws/src/e07_nav2_bringup/install/e07_nav2_bringup/share/e07_nav2_bringup/cmake/e07_nav2_bringupConfig.cmake
[0.118s] -- Up-to-date: /home/xiaom/ROS2_Humble_LS2K0300/Example/ROS2_Humble_ws/src/e07_nav2_bringup/install/e07_nav2_bringup/share/e07_nav2_bringup/cmake/e07_nav2_bringupConfig-version.cmake
[0.118s] -- Up-to-date: /home/xiaom/ROS2_Humble_LS2K0300/Example/ROS2_Humble_ws/src/e07_nav2_bringup/install/e07_nav2_bringup/share/e07_nav2_bringup/package.xml
[0.121s] Invoked command in '/home/xiaom/ROS2_Humble_LS2K0300/Example/ROS2_Humble_ws/src/e07_nav2_bringup/build/e07_nav2_bringup' returned '0': CMAKE_PREFIX_PATH=${CMAKE_PREFIX_PATH}:/opt/ros/humble /usr/bin/cmake --install /home/xiaom/ROS2_Humble_LS2K0300/Example/ROS2_Humble_ws/src/e07_nav2_bringup/build/e07_nav2_bringup
